
The following files have been resolved:
   org.eclipse.jetty:jetty-xml:jar:9.4.8.v20171121:compile
   com.github.jknack:handlebars-guava-cache:jar:4.0.6:compile
   org.eclipse.jetty.websocket:websocket-servlet:jar:9.4.8.v20171121:compile
   com.google.code.findbugs:jsr305:jar:1.3.9:compile
   org.javassist:javassist:jar:3.22.0-GA:compile
   com.github.javaparser:javaparser-core:jar:3.6.11:compile
   org.eclipse.jetty:jetty-server:jar:9.4.8.v20171121:compile
   com.google.j2objc:j2objc-annotations:jar:1.1:compile
   org.codehaus.mojo:animal-sniffer-annotations:jar:1.14:compile
   com.sparkjava:spark-core:jar:2.7.2:compile
   org.eclipse.jetty:jetty-io:jar:9.4.8.v20171121:compile
   org.eclipse.jetty:jetty-security:jar:9.4.8.v20171121:compile
   com.google.guava:guava:jar:23.4-jre:compile
   org.eclipse.jetty:jetty-servlet:jar:9.4.8.v20171121:compile
   org.eclipse.jetty.websocket:websocket-client:jar:9.4.8.v20171121:compile
   com.sparkjava:spark-template-handlebars:jar:2.7.1:compile
   com.google.errorprone:error_prone_annotations:jar:2.0.18:compile
   com.github.javaparser:javaparser-symbol-solver-logic:jar:3.6.11:compile
   org.eclipse.jetty.websocket:websocket-server:jar:9.4.8.v20171121:compile
   org.eclipse.jetty.websocket:websocket-common:jar:9.4.8.v20171121:compile
   com.github.jknack:handlebars:jar:4.0.6:compile
   org.eclipse.jetty:jetty-util:jar:9.4.8.v20171121:compile
   javax.servlet:javax.servlet-api:jar:3.1.0:compile
   org.slf4j:slf4j-api:jar:1.7.13:compile
   org.eclipse.jetty:jetty-webapp:jar:9.4.8.v20171121:compile
   org.eclipse.jetty:jetty-client:jar:9.4.8.v20171121:compile
   javax.json:javax.json-api:jar:1.1.2:compile
   com.github.javaparser:javaparser-symbol-solver-model:jar:3.6.11:compile
   org.mozilla:rhino:jar:1.7R4:compile
   org.glassfish:javax.json:jar:1.1.2:compile
   org.antlr:antlr4-runtime:jar:4.5.1-1:compile
   org.eclipse.jetty:jetty-http:jar:9.4.8.v20171121:compile
   com.github.javaparser:javaparser-symbol-solver-core:jar:3.6.11:compile
   org.eclipse.jetty.websocket:websocket-api:jar:9.4.8.v20171121:compile
   org.apache.commons:commons-lang3:jar:3.1:compile

